[+] Containers:
 |- [+] Container: /Game/ThirdPerson/Maps/Entrance
 |- ContainerInstances:
 |- [+] MainContainer:
 |   |-        ID: 00000000000000000000000000000000
 |   |-  ParentID: 00000000000000000000000000000000
 |   |-    Bounds: IsValid=false, Min=(X=0.000 Y=0.000 Z=0.000), Max=(X=0.000 Y=0.000 Z=0.000)
 |   |- Transform: 0.000000,0.000000,0.000000|0.000000,0.000000,-0.000000|1.000000,1.000000,1.000000
 |   |- Container: /Game/ThirdPerson/Maps/Entrance
----------------------------------------------------------------------------------------------------------------
Entrance - Persistent Level
----------------------------------------------------------------------------------------------------------------
[+] Content of Entrance Persistent Level
 |- Always loaded Actor Count: 8 
 |- Actor Path: /Game/ThirdPerson/Maps/UEDPIE_0_Entrance.Entrance:PersistentLevel.Brush_0
 |- Actor Package: /Game/ThirdPerson/Maps/UEDPIE_0_Entrance
 |- Actor Path: /Game/ThirdPerson/Maps/UEDPIE_0_Entrance.Entrance:PersistentLevel.ChaosDebugDrawActor
 |- Actor Package: /Game/ThirdPerson/Maps/UEDPIE_0_Entrance
 |- Actor Path: /Game/ThirdPerson/Maps/UEDPIE_0_Entrance.Entrance:PersistentLevel.DefaultPhysicsVolume_0
 |- Actor Package: /Game/ThirdPerson/Maps/UEDPIE_0_Entrance
 |- Actor Path: /Game/ThirdPerson/Maps/UEDPIE_0_Entrance.Entrance:PersistentLevel.Entrance_C_2
 |- Actor Package: /Game/ThirdPerson/Maps/UEDPIE_0_Entrance
 |- Actor Path: /Game/ThirdPerson/Maps/UEDPIE_0_Entrance.Entrance:PersistentLevel.GameplayDebuggerPlayerManager_0
 |- Actor Package: /Game/ThirdPerson/Maps/UEDPIE_0_Entrance
 |- Actor Path: /Game/ThirdPerson/Maps/UEDPIE_0_Entrance.Entrance:PersistentLevel.WorldDataLayers
 |- Actor Package: /Game/ThirdPerson/Maps/UEDPIE_0_Entrance
 |- Actor Path: /Game/ThirdPerson/Maps/UEDPIE_0_Entrance.Entrance:PersistentLevel.WorldPartitionReplay
 |- Actor Package: /Game/ThirdPerson/Maps/UEDPIE_0_Entrance
 |- Actor Path: /Game/ThirdPerson/Maps/UEDPIE_0_Entrance.Entrance:PersistentLevel.WorldSettings
 |- Actor Package: /Game/ThirdPerson/Maps/UEDPIE_0_Entrance

----------------------------------------------------------------------------------------------------------------
Entrance - Runtime Spatial Hash - Streaming Grid - MainGrid
----------------------------------------------------------------------------------------------------------------
            Origin: X=0.000 Y=0.000 Z=0.000
         Cell Size: 25600
      World Bounds: IsValid=false, Min=(X=0.000 Y=0.000 Z=0.000), Max=(X=0.000 Y=0.000 Z=0.000)
     Loading Range: 76800.00
Block Slow Loading: No
 ClientOnlyVisible: No
            Origin: X=0.000 Y=0.000 Z=0.000

[+] Grid Levels: 1
 |- Level  0: Cell Count    0 | Cell Size   25600 | Actor Count    0 (0.0%)

[+] Content of Grid Level 0

